<?xml version="1.0" encoding="UTF-8"?>
<!-- Generated by org.testng.reporters.JUnitXMLReporter -->
<testsuite hostname="DESKTOP-6RJGASL" ignored="0" name="Test" tests="1" failures="1" timestamp="2022-06-27T17:57:51 IST" time="0.072" errors="0">
  <testcase name="test_account_registration" time="0.009" classname="testCases.TC_001_AccountRegistration">
    <failure type="java.lang.NullPointerException">
      <![CDATA[java.lang.NullPointerException
at testCases.TC_001_AccountRegistration.test_account_registration(TC_001_AccountRegistration.java:15)
at java.util.ArrayList.forEach(ArrayList.java:1257)
... Removed 27 stack frames]]>
    </failure>
  </testcase> <!-- test_account_registration -->
</testsuite> <!-- Test -->
