<?xml version="1.0" encoding="UTF-8"?>
<testng-results skipped="0" failed="0" ignored="0" total="1" passed="1">
  <reporter-output>
  </reporter-output>
  <suite name="OpenCart Test Suite" duration-ms="53057" started-at="2022-06-30T17:02:44 IST" finished-at="2022-06-30T17:03:37 IST">
    <groups>
      <group name="sanity">
        <method signature="TC_002_Login.test_Login()[pri:0, instance:testCases.TC_002_Login@954b04f]" name="test_Login" class="testCases.TC_002_Login"/>
      </group> <!-- sanity -->
      <group name="master">
        <method signature="TC_002_Login.test_Login()[pri:0, instance:testCases.TC_002_Login@954b04f]" name="test_Login" class="testCases.TC_002_Login"/>
      </group> <!-- master -->
    </groups>
    <test name="OpenCart Tests" duration-ms="53057" started-at="2022-06-30T17:02:44 IST" finished-at="2022-06-30T17:03:37 IST">
      <class name="testCases.TC_002_Login">
        <test-method status="PASS" signature="setup(java.lang.String)[pri:0, instance:testCases.TC_002_Login@954b04f]" name="setup" is-config="true" duration-ms="36913" started-at="2022-06-30T17:02:44 IST" finished-at="2022-06-30T17:03:21 IST">
          <params>
            <param index="0">
              <value>
                <![CDATA[chrome]]>
              </value>
            </param>
          </params>
          <reporter-output>
          </reporter-output>
        </test-method> <!-- setup -->
        <test-method status="PASS" signature="test_Login()[pri:0, instance:testCases.TC_002_Login@954b04f]" name="test_Login" duration-ms="12715" started-at="2022-06-30T17:03:22 IST" finished-at="2022-06-30T17:03:34 IST">
          <reporter-output>
          </reporter-output>
        </test-method> <!-- test_Login -->
        <test-method status="PASS" signature="tearDown()[pri:0, instance:testCases.TC_002_Login@954b04f]" name="tearDown" is-config="true" duration-ms="2774" started-at="2022-06-30T17:03:34 IST" finished-at="2022-06-30T17:03:37 IST">
          <reporter-output>
          </reporter-output>
        </test-method> <!-- tearDown -->
      </class> <!-- testCases.TC_002_Login -->
    </test> <!-- OpenCart Tests -->
  </suite> <!-- OpenCart Test Suite -->
</testng-results>
